<?xml version="1.0" encoding="UTF-8"?>
<coverage generated="1740824969961" clover="3.2.0">
  <project timestamp="1740824969961" name="All files">
    <metrics statements="8" coveredstatements="0" conditionals="0" coveredconditionals="0" methods="1" coveredmethods="0" elements="9" coveredelements="0" complexity="0" loc="8" ncloc="8" packages="4" files="6" classes="6"/>
    <package name="e-commerce">
      <metrics statements="0" coveredstatements="0" conditionals="0" coveredconditionals="0" methods="0" coveredmethods="0"/>
      <file name="declarations.d.ts" path="C:\Users\Thanush\Desktop\New folder\e-commerce\declarations.d.ts">
        <metrics statements="0" coveredstatements="0" conditionals="0" coveredconditionals="0" methods="0" coveredmethods="0"/>
      </file>
      <file name="expo-env.d.ts" path="C:\Users\Thanush\Desktop\New folder\e-commerce\expo-env.d.ts">
        <metrics statements="0" coveredstatements="0" conditionals="0" coveredconditionals="0" methods="0" coveredmethods="0"/>
      </file>
      <file name="nativewind-env.d.ts" path="C:\Users\Thanush\Desktop\New folder\e-commerce\nativewind-env.d.ts">
        <metrics statements="0" coveredstatements="0" conditionals="0" coveredconditionals="0" methods="0" coveredmethods="0"/>
      </file>
    </package>
    <package name="e-commerce..expo.types">
      <metrics statements="0" coveredstatements="0" conditionals="0" coveredconditionals="0" methods="0" coveredmethods="0"/>
      <file name="router.d.ts" path="C:\Users\Thanush\Desktop\New folder\e-commerce\.expo\types\router.d.ts">
        <metrics statements="0" coveredstatements="0" conditionals="0" coveredconditionals="0" methods="0" coveredmethods="0"/>
      </file>
    </package>
    <package name="e-commerce.constants">
      <metrics statements="1" coveredstatements="0" conditionals="0" coveredconditionals="0" methods="0" coveredmethods="0"/>
      <file name="Colors.ts" path="C:\Users\Thanush\Desktop\New folder\e-commerce\constants\Colors.ts">
        <metrics statements="1" coveredstatements="0" conditionals="0" coveredconditionals="0" methods="0" coveredmethods="0"/>
        <line num="1" count="0" type="stmt"/>
      </file>
    </package>
    <package name="e-commerce.utils">
      <metrics statements="7" coveredstatements="0" conditionals="0" coveredconditionals="0" methods="1" coveredmethods="0"/>
      <file name="api.ts" path="C:\Users\Thanush\Desktop\New folder\e-commerce\utils\api.ts">
        <metrics statements="7" coveredstatements="0" conditionals="0" coveredconditionals="0" methods="1" coveredmethods="0"/>
        <line num="1" count="0" type="stmt"/>
        <line num="3" count="0" type="stmt"/>
        <line num="4" count="0" type="stmt"/>
        <line num="5" count="0" type="stmt"/>
        <line num="7" count="0" type="stmt"/>
        <line num="9" count="0" type="stmt"/>
        <line num="10" count="0" type="stmt"/>
      </file>
    </package>
  </project>
</coverage>
