{"C:\\Users\\Thanush\\Desktop\\New folder\\e-commerce\\declarations.d.ts": {"path":"C:\\Users\\Thanush\\Desktop\\New folder\\e-commerce\\declarations.d.ts","statementMap":{},"fnMap":{},"branchMap":{},"s":{},"f":{},"b":{}}
,"C:\\Users\\Thanush\\Desktop\\New folder\\e-commerce\\expo-env.d.ts": {"path":"C:\\Users\\Thanush\\Desktop\\New folder\\e-commerce\\expo-env.d.ts","statementMap":{},"fnMap":{},"branchMap":{},"s":{},"f":{},"b":{}}
,"C:\\Users\\Thanush\\Desktop\\New folder\\e-commerce\\nativewind-env.d.ts": {"path":"C:\\Users\\Thanush\\Desktop\\New folder\\e-commerce\\nativewind-env.d.ts","statementMap":{},"fnMap":{},"branchMap":{},"s":{},"f":{},"b":{}}
,"C:\\Users\\Thanush\\Desktop\\New folder\\e-commerce\\.expo\\types\\router.d.ts": {"path":"C:\\Users\\Thanush\\Desktop\\New folder\\e-commerce\\.expo\\types\\router.d.ts","statementMap":{},"fnMap":{},"branchMap":{},"s":{},"f":{},"b":{}}
,"C:\\Users\\Thanush\\Desktop\\New folder\\e-commerce\\constants\\Colors.ts": {"path":"C:\\Users\\Thanush\\Desktop\\New folder\\e-commerce\\constants\\Colors.ts","statementMap":{"0":{"start":{"line":1,"column":13},"end":{"line":9,"column":null}}},"fnMap":{},"branchMap":{},"s":{"0":0},"f":{},"b":{}}
,"C:\\Users\\Thanush\\Desktop\\New folder\\e-commerce\\utils\\api.ts": {"path":"C:\\Users\\Thanush\\Desktop\\New folder\\e-commerce\\utils\\api.ts","statementMap":{"0":{"start":{"line":1,"column":0},"end":{"line":1,"column":26}},"1":{"start":{"line":3,"column":28},"end":{"line":12,"column":1}},"2":{"start":{"line":4,"column":4},"end":{"line":11,"column":5}},"3":{"start":{"line":5,"column":21},"end":{"line":5,"column":73}},"4":{"start":{"line":7,"column":8},"end":{"line":7,"column":25}},"5":{"start":{"line":9,"column":8},"end":{"line":9,"column":57}},"6":{"start":{"line":10,"column":8},"end":{"line":10,"column":18}},"7":{"start":{"line":3,"column":13},"end":{"line":3,"column":28}}},"fnMap":{"0":{"name":"(anonymous_1)","decl":{"start":{"line":3,"column":28},"end":{"line":3,"column":33}},"loc":{"start":{"line":3,"column":39},"end":{"line":12,"column":1}}}},"branchMap":{},"s":{"0":0,"1":0,"2":0,"3":0,"4":0,"5":0,"6":0,"7":0},"f":{"0":0},"b":{}}
}
